::1 - - [29/Mar/2026 12:22:58] "HEAD / HTTP/1.1" 200 -
::1 - - [29/Mar/2026 12:23:04] "GET /index.html HTTP/1.1" 200 -
::1 - - [29/Mar/2026 12:23:04] "GET /stitch-rebuild.css HTTP/1.1" 200 -
::1 - - [29/Mar/2026 12:23:04] "GET /premium-hero-and-trust-section.jpg HTTP/1.1" 200 -
::1 - - [29/Mar/2026 12:23:04] "GET /brand-logo-screen.jpg HTTP/1.1" 200 -
::1 - - [29/Mar/2026 12:23:05] "GET /luxury-pricing-packages.jpg HTTP/1.1" 200 -
::1 - - [29/Mar/2026 12:23:05] "GET /testimonials-and-premium-footer.jpg HTTP/1.1" 200 -
::1 - - [29/Mar/2026 12:23:05] code 404, message File not found
::1 - - [29/Mar/2026 12:23:05] "GET /favicon.ico HTTP/1.1" 404 -
::1 - - [29/Mar/2026 12:23:12] "GET /premium-hero-and-trust-section.html HTTP/1.1" 200 -
::1 - - [29/Mar/2026 12:23:36] "GET /testimonials-and-premium-footer.html HTTP/1.1" 200 -
::1 - - [29/Mar/2026 12:23:36] code 404, message File not found
::1 - - [29/Mar/2026 12:23:36] "GET /brand-logo.webp HTTP/1.1" 404 -
::1 - - [29/Mar/2026 12:23:36] "GET /stitch-rebuild.css HTTP/1.1" 304 -
::1 - - [29/Mar/2026 12:24:36] "GET /premium-hero-and-trust-section.html HTTP/1.1" 304 -
::1 - - [29/Mar/2026 12:24:37] "GET /stitch-rebuild.css HTTP/1.1" 200 -
::1 - - [29/Mar/2026 12:24:39] code 404, message File not found
::1 - - [29/Mar/2026 12:24:39] "GET /favicon.ico HTTP/1.1" 404 -
::1 - - [29/Mar/2026 12:24:56] "GET /testimonials-and-premium-footer.html HTTP/1.1" 200 -
::1 - - [29/Mar/2026 12:24:56] "GET /stitch-rebuild.css HTTP/1.1" 304 -
::1 - - [29/Mar/2026 12:24:56] "GET /brand-logo.webp HTTP/1.1" 200 -
::1 - - [29/Mar/2026 12:25:15] "GET /brand-logo-screen.html HTTP/1.1" 200 -
::1 - - [29/Mar/2026 12:25:15] "GET /stitch-rebuild.css HTTP/1.1" 304 -
::1 - - [29/Mar/2026 12:25:39] "GET /luxury-pricing-packages.html HTTP/1.1" 200 -
::1 - - [29/Mar/2026 12:25:39] "GET /stitch-rebuild.css HTTP/1.1" 304 -
::1 - - [29/Mar/2026 12:26:19] "GET /index.html HTTP/1.1" 200 -
::1 - - [29/Mar/2026 12:26:19] "GET /stitch-rebuild.css HTTP/1.1" 304 -
::1 - - [29/Mar/2026 12:26:19] "GET /favicon.svg HTTP/1.1" 200 -
